<?xml version="1.0" encoding="UTF-8"?>
<!-- Generated by org.testng.reporters.JUnitReportReporter -->
<testsuite hostname="LAPTOP-P2QE43U4" failures="0" tests="6" name="StepDefination.RegistratnStepDefination" time="15.080" errors="0" timestamp="2024-10-08T07:41:59 IST" skipped="0">
  <testcase classname="StepDefination.RegistratnStepDefination" name="callingobjects" time="7.786"/>
  <testcase classname="StepDefination.RegistratnStepDefination" name="enter_username_password_click_btn" time="1.328"/>
  <testcase classname="StepDefination.RegistratnStepDefination" name="click_registration_link_and_user_is_in_registration_page" time="2.629"/>
  <testcase classname="StepDefination.RegistratnStepDefination" name="user_enter_credentials" time="0.889"/>
  <testcase classname="StepDefination.RegistratnStepDefination" name="clickRegisterbtn" time="0.822"/>
  <testcase classname="StepDefination.RegistratnStepDefination" name="quitmethod" time="1.626"/>
</testsuite> <!-- StepDefination.RegistratnStepDefination -->
