<?xml version="1.0" encoding="UTF-8"?>
<!-- Generated by org.testng.reporters.JUnitReportReporter -->
<testsuite hostname="Chaya" failures="0" tests="4" name="StepDefination.StackStepDefination" time="34.880" errors="0" timestamp="2024-10-16T13:20:12 EDT" skipped="0">
  <testcase classname="StepDefination.StackStepDefination" name="invalid_Stackpan" time="8.742"/>
  <testcase classname="StepDefination.StackStepDefination" name="invalid_Stackpan" time="8.306"/>
  <testcase classname="StepDefination.StackStepDefination" name="username_password" time="10.649"/>
  <testcase classname="StepDefination.StackStepDefination" name="invalid_Stackpan" time="7.183"/>
</testsuite> <!-- StepDefination.StackStepDefination -->
