<?xml version="1.0" encoding="UTF-8"?>
<!-- Generated by org.testng.reporters.JUnitReportReporter -->
<testsuite hostname="LAPTOP-P2QE43U4" failures="0" tests="9" name="StepDefination.ArraysDocPageStepDefination" time="116.832" errors="0" timestamp="2024-10-07T19:26:04 IST" skipped="0">
  <testcase classname="StepDefination.ArraysDocPageStepDefination" name="usingDp" time="13.965"/>
  <testcase classname="StepDefination.ArraysDocPageStepDefination" name="Arraypage" time="21.736"/>
  <testcase classname="StepDefination.ArraysDocPageStepDefination" name="Arraypage" time="11.623"/>
  <testcase classname="StepDefination.ArraysDocPageStepDefination" name="usingDp" time="10.538"/>
  <testcase classname="StepDefination.ArraysDocPageStepDefination" name="Arraypage" time="10.943"/>
  <testcase classname="StepDefination.ArraysDocPageStepDefination" name="usingDp" time="12.091"/>
  <testcase classname="StepDefination.ArraysDocPageStepDefination" name="username_password" time="12.995"/>
  <testcase classname="StepDefination.ArraysDocPageStepDefination" name="usingDp" time="12.120"/>
  <testcase classname="StepDefination.ArraysDocPageStepDefination" name="Arraypage" time="10.821"/>
</testsuite> <!-- StepDefination.ArraysDocPageStepDefination -->
