<?xml version="1.0" encoding="UTF-8"?>
<!-- Generated by org.testng.reporters.JUnitReportReporter -->
<testsuite hostname="LAPTOP-P2QE43U4" failures="0" tests="8" name="TestClasses.QueuesFile" time="159.457" errors="0" timestamp="2024-10-22T08:56:19 CDT" skipped="0">
  <testcase classname="TestClasses.QueuesFile" name="queues_paneIn" time="16.579"/>
  <testcase classname="TestClasses.QueuesFile" name="queues_paneIn" time="22.899"/>
  <testcase classname="TestClasses.QueuesFile" name="queues_paneIn" time="17.574"/>
  <testcase classname="TestClasses.QueuesFile" name="queues_paneIn" time="25.345"/>
  <testcase classname="TestClasses.QueuesFile" name="queues_pane_validcode" time="16.603"/>
  <testcase classname="TestClasses.QueuesFile" name="queues_pane_validcode" time="21.403"/>
  <testcase classname="TestClasses.QueuesFile" name="queues_pane_validcode" time="25.054"/>
  <testcase classname="TestClasses.QueuesFile" name="queues_pane_validcode" time="14.000"/>
</testsuite> <!-- TestClasses.QueuesFile -->
