<?xml version="1.0" encoding="UTF-8"?>
<!-- Generated by org.testng.reporters.JUnitReportReporter -->
<testsuite hostname="LAPTOP-P2QE43U4" failures="0" tests="9" name="StepDefination.QueuesStepDefinition" time="237.053" errors="0" timestamp="2024-10-08T07:41:59 IST" skipped="0">
  <testcase classname="StepDefination.QueuesStepDefinition" name="queues_pane" time="35.814"/>
  <testcase classname="StepDefination.QueuesStepDefinition" name="queues_paneIn" time="25.257"/>
  <testcase classname="StepDefination.QueuesStepDefinition" name="queues_pane" time="23.372"/>
  <testcase classname="StepDefination.QueuesStepDefinition" name="queues_paneIn" time="33.117"/>
  <testcase classname="StepDefination.QueuesStepDefinition" name="queues_paneIn" time="16.875"/>
  <testcase classname="StepDefination.QueuesStepDefinition" name="queues_paneIn" time="21.283"/>
  <testcase classname="StepDefination.QueuesStepDefinition" name="queues_pane" time="24.036"/>
  <testcase classname="StepDefination.QueuesStepDefinition" name="username_password" time="23.463"/>
  <testcase classname="StepDefination.QueuesStepDefinition" name="queues_pane" time="33.836"/>
</testsuite> <!-- StepDefination.QueuesStepDefinition -->
