<?xml version="1.0" encoding="UTF-8"?>
<!-- Generated by org.testng.reporters.JUnitReportReporter -->
<testsuite hostname="LAPTOP-P2QE43U4" failures="0" tests="2" name="StepDefination.HomepageFile" time="41.071" errors="0" timestamp="2024-10-18T12:32:15 CDT" skipped="0">
  <testcase classname="StepDefination.HomepageFile" name="Homepage" time="5.971"/>
  <testcase classname="StepDefination.HomepageFile" name="quitmethod" time="35.100"/>
</testsuite> <!-- StepDefination.HomepageFile -->
