<?xml version="1.0" encoding="UTF-8"?>
<!-- Generated by org.testng.reporters.JUnitReportReporter -->
<testsuite hostname="LAPTOP-P2QE43U4" failures="0" tests="8" name="TestClasses.ArraysDocClassFile" time="250.772" errors="0" timestamp="2024-10-22T08:56:19 CDT" skipped="0">
  <testcase classname="TestClasses.ArraysDocClassFile" name="Array_valid" time="32.239"/>
  <testcase classname="TestClasses.ArraysDocClassFile" name="Array_invalid" time="20.021"/>
  <testcase classname="TestClasses.ArraysDocClassFile" name="Array_valid" time="38.345"/>
  <testcase classname="TestClasses.ArraysDocClassFile" name="Array_invalid" time="17.500"/>
  <testcase classname="TestClasses.ArraysDocClassFile" name="Array_valid" time="49.398"/>
  <testcase classname="TestClasses.ArraysDocClassFile" name="Array_invalid" time="30.515"/>
  <testcase classname="TestClasses.ArraysDocClassFile" name="Array_invalid" time="31.162"/>
  <testcase classname="TestClasses.ArraysDocClassFile" name="Array_valid" time="31.592"/>
</testsuite> <!-- TestClasses.ArraysDocClassFile -->
