<?xml version="1.0" encoding="UTF-8"?>
<!-- Generated by org.testng.reporters.JUnitReportReporter -->
<testsuite hostname="LAPTOP-P2QE43U4" failures="0" tests="9" name="StepDefination.ArraysDocPageStepDefination" time="159.541" errors="0" timestamp="2024-10-13T05:51:28 CDT" skipped="0">
  <testcase classname="StepDefination.ArraysDocPageStepDefination" name="usingDp" time="11.663"/>
  <testcase classname="StepDefination.ArraysDocPageStepDefination" name="Arraypage" time="25.912"/>
  <testcase classname="StepDefination.ArraysDocPageStepDefination" name="Arraypage" time="24.362"/>
  <testcase classname="StepDefination.ArraysDocPageStepDefination" name="Arraypage" time="10.528"/>
  <testcase classname="StepDefination.ArraysDocPageStepDefination" name="usingDp" time="17.526"/>
  <testcase classname="StepDefination.ArraysDocPageStepDefination" name="usingDp" time="9.839"/>
  <testcase classname="StepDefination.ArraysDocPageStepDefination" name="Arraypage" time="24.744"/>
  <testcase classname="StepDefination.ArraysDocPageStepDefination" name="username_password" time="15.708"/>
  <testcase classname="StepDefination.ArraysDocPageStepDefination" name="usingDp" time="19.259"/>
</testsuite> <!-- StepDefination.ArraysDocPageStepDefination -->
