<?xml version="1.0" encoding="UTF-8"?>
<!-- Generated by org.testng.reporters.JUnitReportReporter -->
<testsuite hostname="LAPTOP-P2QE43U4" failures="0" tests="4" name="StepDefination.GraphsFile" time="100.954" errors="0" timestamp="2024-10-18T12:32:15 CDT" skipped="0">
  <testcase classname="StepDefination.GraphsFile" name="Graph_Representation" time="31.924"/>
  <testcase classname="StepDefination.GraphsFile" name="graphs_Topic" time="18.700"/>
  <testcase classname="StepDefination.GraphsFile" name="graphs_Topic" time="17.296"/>
  <testcase classname="StepDefination.GraphsFile" name="Graph_Representation" time="33.034"/>
</testsuite> <!-- StepDefination.GraphsFile -->
