<?xml version="1.0" encoding="UTF-8"?>
<!-- Generated by org.testng.reporters.JUnitReportReporter -->
<testsuite hostname="LAPTOP-P2QE43U4" failures="0" tests="8" name="StepDefination.ArraysDocClassFile" time="164.769" errors="0" timestamp="2024-10-18T12:32:15 CDT" skipped="0">
  <testcase classname="StepDefination.ArraysDocClassFile" name="usingDp" time="24.534"/>
  <testcase classname="StepDefination.ArraysDocClassFile" name="Arraypage" time="16.041"/>
  <testcase classname="StepDefination.ArraysDocClassFile" name="usingDp" time="36.460"/>
  <testcase classname="StepDefination.ArraysDocClassFile" name="Arraypage" time="12.946"/>
  <testcase classname="StepDefination.ArraysDocClassFile" name="Arraypage" time="15.349"/>
  <testcase classname="StepDefination.ArraysDocClassFile" name="Arraypage" time="16.311"/>
  <testcase classname="StepDefination.ArraysDocClassFile" name="usingDp" time="13.693"/>
  <testcase classname="StepDefination.ArraysDocClassFile" name="usingDp" time="29.435"/>
</testsuite> <!-- StepDefination.ArraysDocClassFile -->
