<?xml version="1.0" encoding="UTF-8"?>
<!-- Generated by org.testng.reporters.JUnitReportReporter -->
<testsuite hostname="Chaya" failures="0" tests="4" name="StepDefination.SigninPositiveNegativeLogin" time="21.474" errors="0" timestamp="2024-10-16T11:49:59 EDT" skipped="0">
  <testcase classname="StepDefination.SigninPositiveNegativeLogin" name="LoginTest" time="5.308"/>
  <testcase classname="StepDefination.SigninPositiveNegativeLogin" name="LoginTest" time="6.796"/>
  <testcase classname="StepDefination.SigninPositiveNegativeLogin" name="LoginTest" time="4.733"/>
  <testcase classname="StepDefination.SigninPositiveNegativeLogin" name="LoginTest" time="4.637"/>
</testsuite> <!-- StepDefination.SigninPositiveNegativeLogin -->
