<?xml version="1.0" encoding="UTF-8"?>
<!-- Generated by org.testng.reporters.JUnitReportReporter -->
<testsuite hostname="Chaya" failures="0" tests="15" name="StepDefination.LinkedListStepDefinition" time="99.505" errors="0" timestamp="2024-10-16T12:24:48 EDT" skipped="0">
  <testcase classname="StepDefination.LinkedListStepDefinition" name="userClicks_linked_list" time="6.361"/>
  <testcase classname="StepDefination.LinkedListStepDefinition" name="userClicks_linked_list" time="7.607"/>
  <testcase classname="StepDefination.LinkedListStepDefinition" name="userClicks_linked_list" time="6.407"/>
  <testcase classname="StepDefination.LinkedListStepDefinition" name="invalid_linked_list" time="6.426"/>
  <testcase classname="StepDefination.LinkedListStepDefinition" name="invalid_linked_list" time="6.457"/>
  <testcase classname="StepDefination.LinkedListStepDefinition" name="invalid_linked_list" time="6.046"/>
  <testcase classname="StepDefination.LinkedListStepDefinition" name="userClicks_linked_list" time="6.296"/>
  <testcase classname="StepDefination.LinkedListStepDefinition" name="invalid_linked_list" time="6.737"/>
  <testcase classname="StepDefination.LinkedListStepDefinition" name="invalid_linked_list" time="6.668"/>
  <testcase classname="StepDefination.LinkedListStepDefinition" name="invalid_linked_list" time="6.399"/>
  <testcase classname="StepDefination.LinkedListStepDefinition" name="userClicks_linked_list" time="6.946"/>
  <testcase classname="StepDefination.LinkedListStepDefinition" name="userClicks_linked_list" time="5.926"/>
  <testcase classname="StepDefination.LinkedListStepDefinition" name="invalid_linked_list" time="6.424"/>
  <testcase classname="StepDefination.LinkedListStepDefinition" name="username_password" time="8.489"/>
  <testcase classname="StepDefination.LinkedListStepDefinition" name="userClicks_linked_list" time="6.316"/>
</testsuite> <!-- StepDefination.LinkedListStepDefinition -->
