<?xml version="1.0" encoding="UTF-8"?>
<!-- Generated by org.testng.reporters.JUnitReportReporter -->
<testsuite hostname="LAPTOP-P2QE43U4" failures="0" tests="4" name="TestClasses.GraphsFile" time="114.879" errors="0" timestamp="2024-10-22T14:03:52 CDT" skipped="0">
  <testcase classname="TestClasses.GraphsFile" name="Graph_Representation" time="12.849"/>
  <testcase classname="TestClasses.GraphsFile" name="graphs_Topic" time="18.209"/>
  <testcase classname="TestClasses.GraphsFile" name="graphs_Topic" time="56.317"/>
  <testcase classname="TestClasses.GraphsFile" name="Graph_Representation" time="27.504"/>
</testsuite> <!-- TestClasses.GraphsFile -->
