<?xml version="1.0" encoding="UTF-8"?>
<!-- Generated by org.testng.reporters.JUnitReportReporter -->
<testsuite hostname="LAPTOP-P2QE43U4" failures="0" tests="4" name="TestClasses.SigninPositiveNegativeLogin" time="69.921" errors="0" timestamp="2024-10-22T08:56:19 CDT" skipped="0">
  <testcase classname="TestClasses.SigninPositiveNegativeLogin" name="LoginTest" time="19.923"/>
  <testcase classname="TestClasses.SigninPositiveNegativeLogin" name="LoginTest" time="9.246"/>
  <testcase classname="TestClasses.SigninPositiveNegativeLogin" name="LoginTest" time="17.494"/>
  <testcase classname="TestClasses.SigninPositiveNegativeLogin" name="LoginTest" time="23.258"/>
</testsuite> <!-- TestClasses.SigninPositiveNegativeLogin -->
