<?xml version="1.0" encoding="UTF-8"?>
<!-- Generated by org.testng.reporters.JUnitReportReporter -->
<testsuite hostname="LAPTOP-P2QE43U4" failures="0" tests="4" name="StepDefination.SigninPositiveNegativeLogin" time="15.826" errors="0" timestamp="2024-10-19T06:28:37 CDT" skipped="0">
  <testcase classname="StepDefination.SigninPositiveNegativeLogin" name="LoginTest" time="3.912"/>
  <testcase classname="StepDefination.SigninPositiveNegativeLogin" name="LoginTest" time="3.925"/>
  <testcase classname="StepDefination.SigninPositiveNegativeLogin" name="LoginTest" time="3.993"/>
  <testcase classname="StepDefination.SigninPositiveNegativeLogin" name="LoginTest" time="3.996"/>
</testsuite> <!-- StepDefination.SigninPositiveNegativeLogin -->
