<?xml version="1.0" encoding="UTF-8"?>
<!-- Generated by org.testng.reporters.JUnitReportReporter -->
<testsuite hostname="LAPTOP-P2QE43U4" failures="0" tests="2" name="TestClasses.DataStructure" time="49.748" errors="0" timestamp="2024-10-22T14:03:52 CDT" skipped="0">
  <testcase classname="TestClasses.DataStructure" name="Dspage" time="33.120"/>
  <testcase classname="TestClasses.DataStructure" name="Dspage" time="16.628"/>
</testsuite> <!-- TestClasses.DataStructure -->
