<?xml version="1.0" encoding="UTF-8"?>
<!-- Generated by org.testng.reporters.JUnitReportReporter -->
<testsuite hostname="LAPTOP-P2QE43U4" failures="0" tests="9" name="StepDefination.ArraysDocPageStepDefination" time="264.353" errors="0" timestamp="2024-10-08T07:41:59 IST" skipped="0">
  <testcase classname="StepDefination.ArraysDocPageStepDefination" name="Arraypage" time="23.707"/>
  <testcase classname="StepDefination.ArraysDocPageStepDefination" name="usingDp" time="40.325"/>
  <testcase classname="StepDefination.ArraysDocPageStepDefination" name="Arraypage" time="32.702"/>
  <testcase classname="StepDefination.ArraysDocPageStepDefination" name="usingDp" time="16.177"/>
  <testcase classname="StepDefination.ArraysDocPageStepDefination" name="username_password" time="17.624"/>
  <testcase classname="StepDefination.ArraysDocPageStepDefination" name="usingDp" time="31.051"/>
  <testcase classname="StepDefination.ArraysDocPageStepDefination" name="Arraypage" time="34.584"/>
  <testcase classname="StepDefination.ArraysDocPageStepDefination" name="usingDp" time="22.777"/>
  <testcase classname="StepDefination.ArraysDocPageStepDefination" name="Arraypage" time="45.406"/>
</testsuite> <!-- StepDefination.ArraysDocPageStepDefination -->
