<?xml version="1.0" encoding="UTF-8"?>
<!-- Generated by org.testng.reporters.JUnitReportReporter -->
<testsuite hostname="LAPTOP-P2QE43U4" failures="0" tests="22" name="StepDefination.TreesClassFile" time="129.453" errors="0" timestamp="2024-10-19T06:28:37 CDT" skipped="0">
  <testcase classname="StepDefination.TreesClassFile" name="valid_trees_pane" time="6.190"/>
  <testcase classname="StepDefination.TreesClassFile" name="invalid_trees_pane" time="5.811"/>
  <testcase classname="StepDefination.TreesClassFile" name="valid_trees_pane" time="5.693"/>
  <testcase classname="StepDefination.TreesClassFile" name="invalid_trees_pane" time="6.287"/>
  <testcase classname="StepDefination.TreesClassFile" name="valid_trees_pane" time="5.580"/>
  <testcase classname="StepDefination.TreesClassFile" name="valid_trees_pane" time="5.847"/>
  <testcase classname="StepDefination.TreesClassFile" name="valid_trees_pane" time="6.316"/>
  <testcase classname="StepDefination.TreesClassFile" name="invalid_trees_pane" time="5.641"/>
  <testcase classname="StepDefination.TreesClassFile" name="invalid_trees_pane" time="5.702"/>
  <testcase classname="StepDefination.TreesClassFile" name="invalid_trees_pane" time="5.571"/>
  <testcase classname="StepDefination.TreesClassFile" name="invalid_trees_pane" time="6.138"/>
  <testcase classname="StepDefination.TreesClassFile" name="valid_trees_pane" time="5.924"/>
  <testcase classname="StepDefination.TreesClassFile" name="invalid_trees_pane" time="5.806"/>
  <testcase classname="StepDefination.TreesClassFile" name="invalid_trees_pane" time="5.957"/>
  <testcase classname="StepDefination.TreesClassFile" name="valid_trees_pane" time="5.753"/>
  <testcase classname="StepDefination.TreesClassFile" name="valid_trees_pane" time="5.684"/>
  <testcase classname="StepDefination.TreesClassFile" name="invalid_trees_pane" time="5.885"/>
  <testcase classname="StepDefination.TreesClassFile" name="valid_trees_pane" time="5.908"/>
  <testcase classname="StepDefination.TreesClassFile" name="invalid_trees_pane" time="5.861"/>
  <testcase classname="StepDefination.TreesClassFile" name="valid_trees_pane" time="5.832"/>
  <testcase classname="StepDefination.TreesClassFile" name="invalid_trees_pane" time="6.265"/>
  <testcase classname="StepDefination.TreesClassFile" name="valid_trees_pane" time="5.802"/>
</testsuite> <!-- StepDefination.TreesClassFile -->
