<?xml version="1.0" encoding="UTF-8"?>
<!-- Generated by org.testng.reporters.JUnitReportReporter -->
<testsuite hostname="LAPTOP-P2QE43U4" failures="0" tests="9" name="StepDefination.QueuesStepDefinition" time="158.801" errors="0" timestamp="2024-10-13T05:51:28 CDT" skipped="0">
  <testcase classname="StepDefination.QueuesStepDefinition" name="queues_paneIn" time="21.339"/>
  <testcase classname="StepDefination.QueuesStepDefinition" name="queues_pane" time="13.392"/>
  <testcase classname="StepDefination.QueuesStepDefinition" name="queues_pane" time="15.222"/>
  <testcase classname="StepDefination.QueuesStepDefinition" name="queues_pane" time="21.478"/>
  <testcase classname="StepDefination.QueuesStepDefinition" name="queues_pane" time="27.770"/>
  <testcase classname="StepDefination.QueuesStepDefinition" name="queues_paneIn" time="10.762"/>
  <testcase classname="StepDefination.QueuesStepDefinition" name="username_password" time="18.850"/>
  <testcase classname="StepDefination.QueuesStepDefinition" name="queues_paneIn" time="13.772"/>
  <testcase classname="StepDefination.QueuesStepDefinition" name="queues_paneIn" time="16.216"/>
</testsuite> <!-- StepDefination.QueuesStepDefinition -->
