<?xml version="1.0" encoding="UTF-8"?>
<!-- Generated by org.testng.reporters.JUnitReportReporter -->
<testsuite hostname="LAPTOP-P2QE43U4" failures="0" tests="3" name="StepDefination.DataStructureStepDefination" time="112.614" errors="0" timestamp="2024-10-08T07:41:59 IST" skipped="0">
  <testcase classname="StepDefination.DataStructureStepDefination" name="Dspage" time="35.537"/>
  <testcase classname="StepDefination.DataStructureStepDefination" name="username_password" time="41.832"/>
  <testcase classname="StepDefination.DataStructureStepDefination" name="Dspage" time="35.245"/>
</testsuite> <!-- StepDefination.DataStructureStepDefination -->
