<?xml version="1.0" encoding="UTF-8"?>
<!-- Generated by org.testng.reporters.JUnitReportReporter -->
<testsuite hostname="LAPTOP-P2QE43U4" failures="0" tests="14" name="StepDefination.LinkedListFile" time="85.723" errors="0" timestamp="2024-10-19T06:28:37 CDT" skipped="0">
  <testcase classname="StepDefination.LinkedListFile" name="invalid_linked_list" time="5.997"/>
  <testcase classname="StepDefination.LinkedListFile" name="userClicks_linked_list" time="6.111"/>
  <testcase classname="StepDefination.LinkedListFile" name="userClicks_linked_list" time="6.004"/>
  <testcase classname="StepDefination.LinkedListFile" name="invalid_linked_list" time="6.669"/>
  <testcase classname="StepDefination.LinkedListFile" name="userClicks_linked_list" time="6.166"/>
  <testcase classname="StepDefination.LinkedListFile" name="userClicks_linked_list" time="5.886"/>
  <testcase classname="StepDefination.LinkedListFile" name="userClicks_linked_list" time="5.810"/>
  <testcase classname="StepDefination.LinkedListFile" name="invalid_linked_list" time="5.816"/>
  <testcase classname="StepDefination.LinkedListFile" name="invalid_linked_list" time="6.521"/>
  <testcase classname="StepDefination.LinkedListFile" name="invalid_linked_list" time="5.827"/>
  <testcase classname="StepDefination.LinkedListFile" name="userClicks_linked_list" time="5.924"/>
  <testcase classname="StepDefination.LinkedListFile" name="invalid_linked_list" time="6.661"/>
  <testcase classname="StepDefination.LinkedListFile" name="invalid_linked_list" time="6.120"/>
  <testcase classname="StepDefination.LinkedListFile" name="userClicks_linked_list" time="6.211"/>
</testsuite> <!-- StepDefination.LinkedListFile -->
