<?xml version="1.0" encoding="UTF-8"?>
<!-- Generated by org.testng.reporters.JUnitReportReporter -->
<testsuite hostname="Chaya" failures="0" tests="3" name="StepDefination.HomepageStepDefination" time="9.369" errors="0" timestamp="2024-10-16T11:33:57 EDT" skipped="0">
  <testcase classname="StepDefination.HomepageStepDefination" name="callingObjects" time="7.604"/>
  <testcase classname="StepDefination.HomepageStepDefination" name="Homepage" time="1.450"/>
  <testcase classname="StepDefination.HomepageStepDefination" name="quitmethod" time="0.315"/>
</testsuite> <!-- StepDefination.HomepageStepDefination -->
