<?xml version="1.0" encoding="UTF-8"?>
<!-- Generated by org.testng.reporters.JUnitReportReporter -->
<testsuite hostname="LAPTOP-P2QE43U4" failures="0" tests="2" name="StepDefination.DataStructure" time="11.506" errors="0" timestamp="2024-10-19T06:28:37 CDT" skipped="0">
  <testcase classname="StepDefination.DataStructure" name="Dspage" time="5.861"/>
  <testcase classname="StepDefination.DataStructure" name="Dspage" time="5.645"/>
</testsuite> <!-- StepDefination.DataStructure -->
