<?xml version="1.0" encoding="UTF-8"?>
<!-- Generated by org.testng.reporters.JUnitReportReporter -->
<testsuite hostname="LAPTOP-P2QE43U4" failures="0" tests="5" name="StepDefination.GraphsStepDefinition" time="165.768" errors="0" timestamp="2024-10-08T07:41:59 IST" skipped="0">
  <testcase classname="StepDefination.GraphsStepDefinition" name="graphs_Topic" time="29.056"/>
  <testcase classname="StepDefination.GraphsStepDefinition" name="graphs_Topic" time="39.751"/>
  <testcase classname="StepDefination.GraphsStepDefinition" name="Graph_Representation" time="31.190"/>
  <testcase classname="StepDefination.GraphsStepDefinition" name="Graph_Representation" time="36.992"/>
  <testcase classname="StepDefination.GraphsStepDefinition" name="username_password" time="28.779"/>
</testsuite> <!-- StepDefination.GraphsStepDefinition -->
