<?xml version="1.0" encoding="UTF-8"?>
<!-- Generated by org.testng.reporters.JUnitReportReporter -->
<testsuite hostname="LAPTOP-P2QE43U4" failures="0" tests="4" name="TestClasses.GraphsFile" time="133.113" errors="0" timestamp="2024-10-22T08:56:19 CDT" skipped="0">
  <testcase classname="TestClasses.GraphsFile" name="graphs_Topic" time="36.734"/>
  <testcase classname="TestClasses.GraphsFile" name="Graph_Representation" time="41.436"/>
  <testcase classname="TestClasses.GraphsFile" name="Graph_Representation" time="31.903"/>
  <testcase classname="TestClasses.GraphsFile" name="graphs_Topic" time="23.040"/>
</testsuite> <!-- TestClasses.GraphsFile -->
