<?xml version="1.0" encoding="UTF-8"?>
<!-- Generated by org.testng.reporters.JUnitReportReporter -->
<testsuite hostname="LAPTOP-P2QE43U4" failures="0" tests="3" name="StepDefination.DataStructureStepDefination" time="76.303" errors="0" timestamp="2024-10-13T05:51:28 CDT" skipped="0">
  <testcase classname="StepDefination.DataStructureStepDefination" name="Dspage" time="28.591"/>
  <testcase classname="StepDefination.DataStructureStepDefination" name="username_password" time="15.758"/>
  <testcase classname="StepDefination.DataStructureStepDefination" name="Dspage" time="31.954"/>
</testsuite> <!-- StepDefination.DataStructureStepDefination -->
