<?xml version="1.0" encoding="UTF-8"?>
<!-- Generated by org.testng.reporters.JUnitReportReporter -->
<testsuite hostname="LAPTOP-P2QE43U4" failures="0" tests="3" name="StepDefination.HomepageStepDefination" time="11.924" errors="0" timestamp="2024-10-08T07:41:59 IST" skipped="0">
  <testcase classname="StepDefination.HomepageStepDefination" name="callingObjects" time="7.872"/>
  <testcase classname="StepDefination.HomepageStepDefination" name="Homepage" time="3.509"/>
  <testcase classname="StepDefination.HomepageStepDefination" name="quitmethod" time="0.543"/>
</testsuite> <!-- StepDefination.HomepageStepDefination -->
