<?xml version="1.0" encoding="UTF-8"?>
<!-- Generated by org.testng.reporters.JUnitReportReporter -->
<testsuite hostname="LAPTOP-P2QE43U4" failures="0" tests="14" name="StepDefination.LinkedListFile" time="210.494" errors="0" timestamp="2024-10-18T12:32:15 CDT" skipped="0">
  <testcase classname="StepDefination.LinkedListFile" name="userClicks_linked_list" time="15.193"/>
  <testcase classname="StepDefination.LinkedListFile" name="invalid_linked_list" time="13.006"/>
  <testcase classname="StepDefination.LinkedListFile" name="userClicks_linked_list" time="13.566"/>
  <testcase classname="StepDefination.LinkedListFile" name="invalid_linked_list" time="22.144"/>
  <testcase classname="StepDefination.LinkedListFile" name="invalid_linked_list" time="15.236"/>
  <testcase classname="StepDefination.LinkedListFile" name="invalid_linked_list" time="13.880"/>
  <testcase classname="StepDefination.LinkedListFile" name="invalid_linked_list" time="26.806"/>
  <testcase classname="StepDefination.LinkedListFile" name="userClicks_linked_list" time="8.172"/>
  <testcase classname="StepDefination.LinkedListFile" name="userClicks_linked_list" time="10.828"/>
  <testcase classname="StepDefination.LinkedListFile" name="invalid_linked_list" time="13.953"/>
  <testcase classname="StepDefination.LinkedListFile" name="userClicks_linked_list" time="13.877"/>
  <testcase classname="StepDefination.LinkedListFile" name="userClicks_linked_list" time="12.817"/>
  <testcase classname="StepDefination.LinkedListFile" name="userClicks_linked_list" time="8.211"/>
  <testcase classname="StepDefination.LinkedListFile" name="invalid_linked_list" time="22.805"/>
</testsuite> <!-- StepDefination.LinkedListFile -->
