<?xml version="1.0" encoding="UTF-8"?>
<!-- Generated by org.testng.reporters.JUnitReportReporter -->
<testsuite hostname="LAPTOP-P2QE43U4" failures="0" tests="2" name="TestClasses.HomepageFile" time="31.610" errors="0" timestamp="2024-10-22T08:56:19 CDT" skipped="0">
  <testcase classname="TestClasses.HomepageFile" name="Homepage" time="18.833"/>
  <testcase classname="TestClasses.HomepageFile" name="quitmethod" time="12.777"/>
</testsuite> <!-- TestClasses.HomepageFile -->
