<?xml version="1.0" encoding="UTF-8"?>
<!-- Generated by org.testng.reporters.JUnitReportReporter -->
<testsuite hostname="LAPTOP-P2QE43U4" failures="0" tests="5" name="StepDefination.GraphsStepDefinition" time="113.097" errors="0" timestamp="2024-10-13T05:51:28 CDT" skipped="0">
  <testcase classname="StepDefination.GraphsStepDefinition" name="username_password" time="27.046"/>
  <testcase classname="StepDefination.GraphsStepDefinition" name="graphs_Topic" time="20.276"/>
  <testcase classname="StepDefination.GraphsStepDefinition" name="Graph_Representation" time="21.731"/>
  <testcase classname="StepDefination.GraphsStepDefinition" name="graphs_Topic" time="14.461"/>
  <testcase classname="StepDefination.GraphsStepDefinition" name="Graph_Representation" time="29.583"/>
</testsuite> <!-- StepDefination.GraphsStepDefinition -->
