<?xml version="1.0" encoding="UTF-8"?>
<!-- Generated by org.testng.reporters.JUnitReportReporter -->
<testsuite hostname="Chaya" failures="0" tests="9" name="StepDefination.QueuesStepDefinition" time="63.081" errors="0" timestamp="2024-10-16T11:41:21 EDT" skipped="0">
  <testcase classname="StepDefination.QueuesStepDefinition" name="queues_pane_validcode" time="8.152"/>
  <testcase classname="StepDefination.QueuesStepDefinition" name="queues_pane_validcode" time="6.233"/>
  <testcase classname="StepDefination.QueuesStepDefinition" name="queues_pane_validcode" time="6.357"/>
  <testcase classname="StepDefination.QueuesStepDefinition" name="queues_paneIn" time="6.260"/>
  <testcase classname="StepDefination.QueuesStepDefinition" name="queues_paneIn" time="5.767"/>
  <testcase classname="StepDefination.QueuesStepDefinition" name="queues_pane_validcode" time="6.135"/>
  <testcase classname="StepDefination.QueuesStepDefinition" name="username_password" time="8.495"/>
  <testcase classname="StepDefination.QueuesStepDefinition" name="queues_paneIn" time="8.027"/>
  <testcase classname="StepDefination.QueuesStepDefinition" name="queues_paneIn" time="7.655"/>
</testsuite> <!-- StepDefination.QueuesStepDefinition -->
