<?xml version="1.0" encoding="UTF-8"?>
<!-- Generated by org.testng.reporters.JUnitReportReporter -->
<testsuite hostname="LAPTOP-P2QE43U4" failures="0" tests="6" name="TestClasses.StackClassFile" time="135.691" errors="0" timestamp="2024-10-22T08:56:19 CDT" skipped="0">
  <testcase classname="TestClasses.StackClassFile" name="Valid_Stackpane" time="34.962"/>
  <testcase classname="TestClasses.StackClassFile" name="Valid_Stackpane" time="13.611"/>
  <testcase classname="TestClasses.StackClassFile" name="Valid_Stackpane" time="17.968"/>
  <testcase classname="TestClasses.StackClassFile" name="invalid_Stackpan" time="19.478"/>
  <testcase classname="TestClasses.StackClassFile" name="invalid_Stackpan" time="13.807"/>
  <testcase classname="TestClasses.StackClassFile" name="invalid_Stackpan" time="35.865"/>
</testsuite> <!-- TestClasses.StackClassFile -->
