<?xml version="1.0" encoding="UTF-8"?>
<!-- Generated by org.testng.reporters.JUnitReportReporter -->
<testsuite hostname="LAPTOP-P2QE43U4" failures="0" tests="2" name="StepDefination.DataStructure" time="41.711" errors="0" timestamp="2024-10-18T12:32:15 CDT" skipped="0">
  <testcase classname="StepDefination.DataStructure" name="Dspage" time="17.333"/>
  <testcase classname="StepDefination.DataStructure" name="Dspage" time="24.378"/>
</testsuite> <!-- StepDefination.DataStructure -->
