<?xml version="1.0" encoding="UTF-8"?>
<!-- Generated by org.testng.reporters.JUnitReportReporter -->
<testsuite hostname="LAPTOP-P2QE43U4" failures="0" tests="2" name="StepDefination.HomepageFile" time="6.953" errors="0" timestamp="2024-10-19T06:28:37 CDT" skipped="0">
  <testcase classname="StepDefination.HomepageFile" name="Homepage" time="4.003"/>
  <testcase classname="StepDefination.HomepageFile" name="quitmethod" time="2.950"/>
</testsuite> <!-- StepDefination.HomepageFile -->
