<?xml version="1.0" encoding="UTF-8"?>
<!-- Generated by org.testng.reporters.JUnitReportReporter -->
<testsuite hostname="LAPTOP-P2QE43U4" failures="0" tests="8" name="StepDefination.QueuesFile" time="46.668" errors="0" timestamp="2024-10-19T06:28:37 CDT" skipped="0">
  <testcase classname="StepDefination.QueuesFile" name="queues_pane_validcode" time="5.795"/>
  <testcase classname="StepDefination.QueuesFile" name="queues_pane_validcode" time="5.785"/>
  <testcase classname="StepDefination.QueuesFile" name="queues_paneIn" time="5.716"/>
  <testcase classname="StepDefination.QueuesFile" name="queues_paneIn" time="5.742"/>
  <testcase classname="StepDefination.QueuesFile" name="queues_pane_validcode" time="5.875"/>
  <testcase classname="StepDefination.QueuesFile" name="queues_paneIn" time="5.913"/>
  <testcase classname="StepDefination.QueuesFile" name="queues_pane_validcode" time="5.832"/>
  <testcase classname="StepDefination.QueuesFile" name="queues_paneIn" time="6.010"/>
</testsuite> <!-- StepDefination.QueuesFile -->
