<?xml version="1.0" encoding="UTF-8"?>
<!-- Generated by org.testng.reporters.JUnitReportReporter -->
<testsuite hostname="LAPTOP-P2QE43U4" failures="0" tests="6" name="StepDefination.RegistratnStepDefination" time="9.089" errors="0" timestamp="2024-10-08T20:45:28 IST" skipped="0">
  <testcase classname="StepDefination.RegistratnStepDefination" name="callingobjects" time="4.450"/>
  <testcase classname="StepDefination.RegistratnStepDefination" name="enter_username_password_click_btn" time="2.400"/>
  <testcase classname="StepDefination.RegistratnStepDefination" name="click_registration_link_and_user_is_in_registration_page" time="0.570"/>
  <testcase classname="StepDefination.RegistratnStepDefination" name="user_enter_credentials" time="0.701"/>
  <testcase classname="StepDefination.RegistratnStepDefination" name="clickRegisterbtn" time="0.556"/>
  <testcase classname="StepDefination.RegistratnStepDefination" name="quitmethod" time="0.412"/>
</testsuite> <!-- StepDefination.RegistratnStepDefination -->
