<?xml version="1.0" encoding="UTF-8"?>
<!-- Generated by org.testng.reporters.JUnitReportReporter -->
<testsuite hostname="LAPTOP-P2QE43U4" failures="0" tests="4" name="StepDefination.SigninPositiveNegativeLogin" time="38.874" errors="0" timestamp="2024-10-08T07:41:59 IST" skipped="0">
  <testcase classname="StepDefination.SigninPositiveNegativeLogin" name="LoginTest" time="10.409"/>
  <testcase classname="StepDefination.SigninPositiveNegativeLogin" name="LoginTest" time="9.729"/>
  <testcase classname="StepDefination.SigninPositiveNegativeLogin" name="LoginTest" time="7.410"/>
  <testcase classname="StepDefination.SigninPositiveNegativeLogin" name="LoginTest" time="11.326"/>
</testsuite> <!-- StepDefination.SigninPositiveNegativeLogin -->
