<?xml version="1.0" encoding="UTF-8"?>
<!-- Generated by org.testng.reporters.JUnitReportReporter -->
<testsuite hostname="LAPTOP-P2QE43U4" failures="0" tests="9" name="StepDefination.QueuesStepDefinition" time="89.701" errors="0" timestamp="2024-10-15T04:44:05 CDT" skipped="0">
  <testcase classname="StepDefination.QueuesStepDefinition" name="queues_pane_validcode" time="16.206"/>
  <testcase classname="StepDefination.QueuesStepDefinition" name="queues_pane_validcode" time="7.787"/>
  <testcase classname="StepDefination.QueuesStepDefinition" name="queues_paneIn" time="12.328"/>
  <testcase classname="StepDefination.QueuesStepDefinition" name="queues_paneIn" time="8.661"/>
  <testcase classname="StepDefination.QueuesStepDefinition" name="queues_pane_validcode" time="7.323"/>
  <testcase classname="StepDefination.QueuesStepDefinition" name="queues_pane_validcode" time="8.441"/>
  <testcase classname="StepDefination.QueuesStepDefinition" name="username_password" time="11.052"/>
  <testcase classname="StepDefination.QueuesStepDefinition" name="queues_paneIn" time="7.206"/>
  <testcase classname="StepDefination.QueuesStepDefinition" name="queues_paneIn" time="10.697"/>
</testsuite> <!-- StepDefination.QueuesStepDefinition -->
