<?xml version="1.0" encoding="UTF-8"?>
<!-- Generated by org.testng.reporters.JUnitReportReporter -->
<testsuite hostname="LAPTOP-P2QE43U4" failures="0" tests="14" name="TestClasses.LinkedListFile" time="361.748" errors="0" timestamp="2024-10-22T14:03:52 CDT" skipped="0">
  <testcase classname="TestClasses.LinkedListFile" name="userClicks_linked_list" time="27.372"/>
  <testcase classname="TestClasses.LinkedListFile" name="userClicks_linked_list" time="20.062"/>
  <testcase classname="TestClasses.LinkedListFile" name="invalid_linked_list" time="33.234"/>
  <testcase classname="TestClasses.LinkedListFile" name="invalid_linked_list" time="30.723"/>
  <testcase classname="TestClasses.LinkedListFile" name="userClicks_linked_list" time="27.987"/>
  <testcase classname="TestClasses.LinkedListFile" name="userClicks_linked_list" time="41.426"/>
  <testcase classname="TestClasses.LinkedListFile" name="invalid_linked_list" time="19.270"/>
  <testcase classname="TestClasses.LinkedListFile" name="userClicks_linked_list" time="31.429"/>
  <testcase classname="TestClasses.LinkedListFile" name="userClicks_linked_list" time="22.734"/>
  <testcase classname="TestClasses.LinkedListFile" name="userClicks_linked_list" time="16.532"/>
  <testcase classname="TestClasses.LinkedListFile" name="invalid_linked_list" time="14.462"/>
  <testcase classname="TestClasses.LinkedListFile" name="invalid_linked_list" time="18.015"/>
  <testcase classname="TestClasses.LinkedListFile" name="invalid_linked_list" time="35.190"/>
  <testcase classname="TestClasses.LinkedListFile" name="invalid_linked_list" time="23.312"/>
</testsuite> <!-- TestClasses.LinkedListFile -->
