<?xml version="1.0" encoding="UTF-8"?>
<!-- Generated by org.testng.reporters.JUnitReportReporter -->
<testsuite hostname="LAPTOP-P2QE43U4" failures="0" tests="2" name="TestClasses.DataStructure" time="85.767" errors="0" timestamp="2024-10-22T08:56:19 CDT" skipped="0">
  <testcase classname="TestClasses.DataStructure" name="Dspage" time="43.636"/>
  <testcase classname="TestClasses.DataStructure" name="Dspage" time="42.131"/>
</testsuite> <!-- TestClasses.DataStructure -->
