<?xml version="1.0" encoding="UTF-8"?>
<!-- Generated by org.testng.reporters.JUnitReportReporter -->
<testsuite hostname="LAPTOP-P2QE43U4" failures="0" tests="8" name="StepDefination.ArraysDocClassFile" time="52.943" errors="0" timestamp="2024-10-19T06:28:37 CDT" skipped="0">
  <testcase classname="StepDefination.ArraysDocClassFile" name="Array_invalid" time="6.141"/>
  <testcase classname="StepDefination.ArraysDocClassFile" name="Array_valid" time="5.992"/>
  <testcase classname="StepDefination.ArraysDocClassFile" name="Array_invalid" time="6.636"/>
  <testcase classname="StepDefination.ArraysDocClassFile" name="Array_invalid" time="6.219"/>
  <testcase classname="StepDefination.ArraysDocClassFile" name="Array_valid" time="6.224"/>
  <testcase classname="StepDefination.ArraysDocClassFile" name="Array_invalid" time="5.895"/>
  <testcase classname="StepDefination.ArraysDocClassFile" name="Array_valid" time="6.217"/>
  <testcase classname="StepDefination.ArraysDocClassFile" name="Array_valid" time="9.619"/>
</testsuite> <!-- StepDefination.ArraysDocClassFile -->
