<?xml version="1.0" encoding="UTF-8"?>
<!-- Generated by org.testng.reporters.JUnitReportReporter -->
<testsuite hostname="LAPTOP-P2QE43U4" failures="0" tests="8" name="TestClasses.ArraysDocClassFile" time="217.171" errors="0" timestamp="2024-10-22T14:03:52 CDT" skipped="0">
  <testcase classname="TestClasses.ArraysDocClassFile" name="usingDp" time="10.972"/>
  <testcase classname="TestClasses.ArraysDocClassFile" name="usingDp" time="26.818"/>
  <testcase classname="TestClasses.ArraysDocClassFile" name="Arraypage" time="36.322"/>
  <testcase classname="TestClasses.ArraysDocClassFile" name="usingDp" time="21.031"/>
  <testcase classname="TestClasses.ArraysDocClassFile" name="Arraypage" time="47.798"/>
  <testcase classname="TestClasses.ArraysDocClassFile" name="usingDp" time="20.142"/>
  <testcase classname="TestClasses.ArraysDocClassFile" name="Arraypage" time="35.183"/>
  <testcase classname="TestClasses.ArraysDocClassFile" name="Arraypage" time="18.905"/>
</testsuite> <!-- TestClasses.ArraysDocClassFile -->
