<?xml version="1.0" encoding="UTF-8"?>
<!-- Generated by org.testng.reporters.JUnitReportReporter -->
<testsuite hostname="LAPTOP-P2QE43U4" failures="0" tests="4" name="StepDefination.SigninPositiveNegativeLogin" time="55.892" errors="0" timestamp="2024-10-16T07:30:22 CDT" skipped="0">
  <testcase classname="StepDefination.SigninPositiveNegativeLogin" name="LoginTest" time="7.111"/>
  <testcase classname="StepDefination.SigninPositiveNegativeLogin" name="LoginTest" time="22.491"/>
  <testcase classname="StepDefination.SigninPositiveNegativeLogin" name="LoginTest" time="9.714"/>
  <testcase classname="StepDefination.SigninPositiveNegativeLogin" name="LoginTest" time="16.576"/>
</testsuite> <!-- StepDefination.SigninPositiveNegativeLogin -->
