<?xml version="1.0" encoding="UTF-8"?>
<!-- Generated by org.testng.reporters.JUnitReportReporter -->
<testsuite hostname="LAPTOP-P2QE43U4" failures="0" tests="4" name="StepDefination.SigninPositiveNegativeLogin" time="41.439" errors="0" timestamp="2024-10-08T20:45:28 IST" skipped="0">
  <testcase classname="StepDefination.SigninPositiveNegativeLogin" name="LoginTest" time="13.182"/>
  <testcase classname="StepDefination.SigninPositiveNegativeLogin" name="LoginTest" time="8.888"/>
  <testcase classname="StepDefination.SigninPositiveNegativeLogin" name="LoginTest" time="9.296"/>
  <testcase classname="StepDefination.SigninPositiveNegativeLogin" name="LoginTest" time="10.073"/>
</testsuite> <!-- StepDefination.SigninPositiveNegativeLogin -->
