<?xml version="1.0" encoding="UTF-8"?>
<!-- Generated by org.testng.reporters.JUnitReportReporter -->
<testsuite hostname="LAPTOP-P2QE43U4" failures="0" tests="4" name="StepDefination.SigninPositiveNegativeLogin" time="20.328" errors="0" timestamp="2024-10-13T05:51:28 CDT" skipped="0">
  <testcase classname="StepDefination.SigninPositiveNegativeLogin" name="LoginTest" time="6.403"/>
  <testcase classname="StepDefination.SigninPositiveNegativeLogin" name="LoginTest" time="3.933"/>
  <testcase classname="StepDefination.SigninPositiveNegativeLogin" name="LoginTest" time="5.031"/>
  <testcase classname="StepDefination.SigninPositiveNegativeLogin" name="LoginTest" time="4.961"/>
</testsuite> <!-- StepDefination.SigninPositiveNegativeLogin -->
