<?xml version="1.0" encoding="UTF-8"?>
<!-- Generated by org.testng.reporters.JUnitReportReporter -->
<testsuite hostname="LAPTOP-P2QE43U4" failures="0" tests="2" name="TestClasses.HomepageFile" time="33.903" errors="0" timestamp="2024-10-22T14:03:52 CDT" skipped="0">
  <testcase classname="TestClasses.HomepageFile" name="Homepage" time="11.600"/>
  <testcase classname="TestClasses.HomepageFile" name="quitmethod" time="22.303"/>
</testsuite> <!-- TestClasses.HomepageFile -->
