<?xml version="1.0" encoding="UTF-8"?>
<!-- Generated by org.testng.reporters.JUnitReportReporter -->
<testsuite hostname="LAPTOP-P2QE43U4" failures="0" tests="4" name="StepDefination.SigninPositiveNegativeLogin" time="45.279" errors="0" timestamp="2024-10-18T12:32:15 CDT" skipped="0">
  <testcase classname="StepDefination.SigninPositiveNegativeLogin" name="LoginTest" time="13.176"/>
  <testcase classname="StepDefination.SigninPositiveNegativeLogin" name="LoginTest" time="10.015"/>
  <testcase classname="StepDefination.SigninPositiveNegativeLogin" name="LoginTest" time="14.574"/>
  <testcase classname="StepDefination.SigninPositiveNegativeLogin" name="LoginTest" time="7.514"/>
</testsuite> <!-- StepDefination.SigninPositiveNegativeLogin -->
