<?xml version="1.0" encoding="UTF-8"?>
<!-- Generated by org.testng.reporters.JUnitReportReporter -->
<testsuite hostname="LAPTOP-P2QE43U4" failures="0" tests="3" name="StepDefination.HomepageStepDefination" time="5.928" errors="0" timestamp="2024-10-13T05:51:28 CDT" skipped="0">
  <testcase classname="StepDefination.HomepageStepDefination" name="callingObjects" time="3.822"/>
  <testcase classname="StepDefination.HomepageStepDefination" name="Homepage" time="1.625"/>
  <testcase classname="StepDefination.HomepageStepDefination" name="quitmethod" time="0.481"/>
</testsuite> <!-- StepDefination.HomepageStepDefination -->
