<?xml version="1.0" encoding="UTF-8"?>
<!-- Generated by org.testng.reporters.JUnitReportReporter -->
<testsuite hostname="LAPTOP-P2QE43U4" failures="0" tests="8" name="TestClasses.QueuesFile" time="181.865" errors="0" timestamp="2024-10-22T14:03:52 CDT" skipped="0">
  <testcase classname="TestClasses.QueuesFile" name="queues_pane_validcode" time="30.585"/>
  <testcase classname="TestClasses.QueuesFile" name="queues_paneIn" time="23.306"/>
  <testcase classname="TestClasses.QueuesFile" name="queues_pane_validcode" time="23.720"/>
  <testcase classname="TestClasses.QueuesFile" name="queues_pane_validcode" time="15.106"/>
  <testcase classname="TestClasses.QueuesFile" name="queues_pane_validcode" time="17.859"/>
  <testcase classname="TestClasses.QueuesFile" name="queues_paneIn" time="13.321"/>
  <testcase classname="TestClasses.QueuesFile" name="queues_paneIn" time="30.480"/>
  <testcase classname="TestClasses.QueuesFile" name="queues_paneIn" time="27.488"/>
</testsuite> <!-- TestClasses.QueuesFile -->
