<?xml version="1.0" encoding="UTF-8"?>
<!-- Generated by org.testng.reporters.JUnitReportReporter -->
<testsuite hostname="LAPTOP-P2QE43U4" failures="0" tests="22" name="StepDefination.TreesClassFile" time="217.371" errors="0" timestamp="2024-10-18T12:32:15 CDT" skipped="0">
  <testcase classname="StepDefination.TreesClassFile" name="invalid_trees_pane" time="8.015"/>
  <testcase classname="StepDefination.TreesClassFile" name="invalid_trees_pane" time="7.413"/>
  <testcase classname="StepDefination.TreesClassFile" name="valid_trees_pane" time="6.216"/>
  <testcase classname="StepDefination.TreesClassFile" name="invalid_trees_pane" time="15.744"/>
  <testcase classname="StepDefination.TreesClassFile" name="valid_trees_pane" time="7.636"/>
  <testcase classname="StepDefination.TreesClassFile" name="valid_trees_pane" time="6.219"/>
  <testcase classname="StepDefination.TreesClassFile" name="invalid_trees_pane" time="19.153"/>
  <testcase classname="StepDefination.TreesClassFile" name="invalid_trees_pane" time="8.376"/>
  <testcase classname="StepDefination.TreesClassFile" name="valid_trees_pane" time="6.243"/>
  <testcase classname="StepDefination.TreesClassFile" name="valid_trees_pane" time="8.529"/>
  <testcase classname="StepDefination.TreesClassFile" name="valid_trees_pane" time="7.739"/>
  <testcase classname="StepDefination.TreesClassFile" name="valid_trees_pane" time="6.531"/>
  <testcase classname="StepDefination.TreesClassFile" name="valid_trees_pane" time="7.365"/>
  <testcase classname="StepDefination.TreesClassFile" name="invalid_trees_pane" time="7.949"/>
  <testcase classname="StepDefination.TreesClassFile" name="invalid_trees_pane" time="8.270"/>
  <testcase classname="StepDefination.TreesClassFile" name="valid_trees_pane" time="10.348"/>
  <testcase classname="StepDefination.TreesClassFile" name="valid_trees_pane" time="6.287"/>
  <testcase classname="StepDefination.TreesClassFile" name="valid_trees_pane" time="10.999"/>
  <testcase classname="StepDefination.TreesClassFile" name="invalid_trees_pane" time="13.536"/>
  <testcase classname="StepDefination.TreesClassFile" name="invalid_trees_pane" time="22.172"/>
  <testcase classname="StepDefination.TreesClassFile" name="invalid_trees_pane" time="7.126"/>
  <testcase classname="StepDefination.TreesClassFile" name="invalid_trees_pane" time="15.505"/>
</testsuite> <!-- StepDefination.TreesClassFile -->
