<?xml version="1.0" encoding="UTF-8"?>
<!-- Generated by org.testng.reporters.JUnitReportReporter -->
<testsuite hostname="LAPTOP-P2QE43U4" failures="0" tests="1" name="StepDefination.Parent" time="0.001" errors="0" timestamp="2024-10-07T09:05:57 IST" skipped="1">
  <testcase classname="StepDefination.Parent" name="enter_username_password_click_btn" time="0.001">
    <skipped/>
  </testcase> <!-- enter_username_password_click_btn -->
</testsuite> <!-- StepDefination.Parent -->
