<?xml version="1.0" encoding="UTF-8"?>
<!-- Generated by org.testng.reporters.JUnitReportReporter -->
<testsuite hostname="LAPTOP-P2QE43U4" failures="0" tests="6" name="StepDefination.StackClassFile" time="34.665" errors="0" timestamp="2024-10-19T06:28:37 CDT" skipped="0">
  <testcase classname="StepDefination.StackClassFile" name="Valid_Stackpane" time="5.702"/>
  <testcase classname="StepDefination.StackClassFile" name="Valid_Stackpane" time="5.736"/>
  <testcase classname="StepDefination.StackClassFile" name="Valid_Stackpane" time="5.672"/>
  <testcase classname="StepDefination.StackClassFile" name="invalid_Stackpan" time="5.872"/>
  <testcase classname="StepDefination.StackClassFile" name="invalid_Stackpan" time="5.738"/>
  <testcase classname="StepDefination.StackClassFile" name="invalid_Stackpan" time="5.945"/>
</testsuite> <!-- StepDefination.StackClassFile -->
