<?xml version="1.0" encoding="UTF-8"?>
<!-- Generated by org.testng.reporters.JUnitReportReporter -->
<testsuite hostname="LAPTOP-P2QE43U4" failures="0" tests="9" name="StepDefination.QueuesStepDefinition" time="108.601" errors="0" timestamp="2024-10-16T10:43:43 CDT" skipped="0">
  <testcase classname="StepDefination.QueuesStepDefinition" name="queues_pane_validcode" time="12.253"/>
  <testcase classname="StepDefination.QueuesStepDefinition" name="queues_pane_validcode" time="9.180"/>
  <testcase classname="StepDefination.QueuesStepDefinition" name="queues_paneIn" time="18.261"/>
  <testcase classname="StepDefination.QueuesStepDefinition" name="queues_pane_validcode" time="7.941"/>
  <testcase classname="StepDefination.QueuesStepDefinition" name="queues_paneIn" time="8.876"/>
  <testcase classname="StepDefination.QueuesStepDefinition" name="queues_pane_validcode" time="12.484"/>
  <testcase classname="StepDefination.QueuesStepDefinition" name="queues_paneIn" time="11.491"/>
  <testcase classname="StepDefination.QueuesStepDefinition" name="username_password" time="15.609"/>
  <testcase classname="StepDefination.QueuesStepDefinition" name="queues_paneIn" time="12.506"/>
</testsuite> <!-- StepDefination.QueuesStepDefinition -->
