<?xml version="1.0" encoding="UTF-8"?>
<!-- Generated by org.testng.reporters.JUnitReportReporter -->
<testsuite hostname="LAPTOP-P2QE43U4" failures="0" tests="22" name="TestClasses.TreesClassFile" time="293.968" errors="0" timestamp="2024-10-22T14:03:52 CDT" skipped="0">
  <testcase classname="TestClasses.TreesClassFile" name="invalid_trees_pane" time="10.424"/>
  <testcase classname="TestClasses.TreesClassFile" name="invalid_trees_pane" time="31.624"/>
  <testcase classname="TestClasses.TreesClassFile" name="invalid_trees_pane" time="16.971"/>
  <testcase classname="TestClasses.TreesClassFile" name="valid_trees_pane" time="9.396"/>
  <testcase classname="TestClasses.TreesClassFile" name="invalid_trees_pane" time="7.110"/>
  <testcase classname="TestClasses.TreesClassFile" name="valid_trees_pane" time="6.720"/>
  <testcase classname="TestClasses.TreesClassFile" name="valid_trees_pane" time="6.739"/>
  <testcase classname="TestClasses.TreesClassFile" name="valid_trees_pane" time="7.279"/>
  <testcase classname="TestClasses.TreesClassFile" name="invalid_trees_pane" time="38.458"/>
  <testcase classname="TestClasses.TreesClassFile" name="invalid_trees_pane" time="11.079"/>
  <testcase classname="TestClasses.TreesClassFile" name="invalid_trees_pane" time="33.369"/>
  <testcase classname="TestClasses.TreesClassFile" name="valid_trees_pane" time="7.208"/>
  <testcase classname="TestClasses.TreesClassFile" name="valid_trees_pane" time="7.326"/>
  <testcase classname="TestClasses.TreesClassFile" name="invalid_trees_pane" time="8.555"/>
  <testcase classname="TestClasses.TreesClassFile" name="valid_trees_pane" time="7.797"/>
  <testcase classname="TestClasses.TreesClassFile" name="invalid_trees_pane" time="9.497"/>
  <testcase classname="TestClasses.TreesClassFile" name="valid_trees_pane" time="7.222"/>
  <testcase classname="TestClasses.TreesClassFile" name="invalid_trees_pane" time="7.339"/>
  <testcase classname="TestClasses.TreesClassFile" name="valid_trees_pane" time="7.176"/>
  <testcase classname="TestClasses.TreesClassFile" name="valid_trees_pane" time="7.437"/>
  <testcase classname="TestClasses.TreesClassFile" name="valid_trees_pane" time="9.596"/>
  <testcase classname="TestClasses.TreesClassFile" name="invalid_trees_pane" time="35.646"/>
</testsuite> <!-- TestClasses.TreesClassFile -->
