<?xml version="1.0" encoding="UTF-8"?>
<!-- Generated by org.testng.reporters.JUnitReportReporter -->
<testsuite hostname="LAPTOP-P2QE43U4" failures="0" tests="4" name="StepDefination.GraphsFile" time="23.812" errors="0" timestamp="2024-10-19T06:28:37 CDT" skipped="0">
  <testcase classname="StepDefination.GraphsFile" name="graphs_Topic" time="6.143"/>
  <testcase classname="StepDefination.GraphsFile" name="Graph_Representation" time="6.055"/>
  <testcase classname="StepDefination.GraphsFile" name="Graph_Representation" time="5.912"/>
  <testcase classname="StepDefination.GraphsFile" name="graphs_Topic" time="5.702"/>
</testsuite> <!-- StepDefination.GraphsFile -->
