<?xml version="1.0" encoding="UTF-8"?>
<!-- Generated by org.testng.reporters.JUnitReportReporter -->
<testsuite hostname="Chaya" failures="0" tests="23" name="StepDefination.TreesStepDefinition" time="150.602" errors="0" timestamp="2024-10-16T13:34:55 EDT" skipped="0">
  <testcase classname="StepDefination.TreesStepDefinition" name="valid_trees_pane" time="8.225"/>
  <testcase classname="StepDefination.TreesStepDefinition" name="valid_trees_pane" time="5.748"/>
  <testcase classname="StepDefination.TreesStepDefinition" name="invalid_trees_pane" time="7.666"/>
  <testcase classname="StepDefination.TreesStepDefinition" name="valid_trees_pane" time="5.973"/>
  <testcase classname="StepDefination.TreesStepDefinition" name="username_password" time="8.500"/>
  <testcase classname="StepDefination.TreesStepDefinition" name="valid_trees_pane" time="5.990"/>
  <testcase classname="StepDefination.TreesStepDefinition" name="invalid_trees_pane" time="6.800"/>
  <testcase classname="StepDefination.TreesStepDefinition" name="invalid_trees_pane" time="6.192"/>
  <testcase classname="StepDefination.TreesStepDefinition" name="valid_trees_pane" time="6.087"/>
  <testcase classname="StepDefination.TreesStepDefinition" name="invalid_trees_pane" time="6.036"/>
  <testcase classname="StepDefination.TreesStepDefinition" name="invalid_trees_pane" time="10.244"/>
  <testcase classname="StepDefination.TreesStepDefinition" name="invalid_trees_pane" time="6.301"/>
  <testcase classname="StepDefination.TreesStepDefinition" name="invalid_trees_pane" time="5.851"/>
  <testcase classname="StepDefination.TreesStepDefinition" name="valid_trees_pane" time="6.007"/>
  <testcase classname="StepDefination.TreesStepDefinition" name="valid_trees_pane" time="6.219"/>
  <testcase classname="StepDefination.TreesStepDefinition" name="invalid_trees_pane" time="5.784"/>
  <testcase classname="StepDefination.TreesStepDefinition" name="invalid_trees_pane" time="6.682"/>
  <testcase classname="StepDefination.TreesStepDefinition" name="invalid_trees_pane" time="6.374"/>
  <testcase classname="StepDefination.TreesStepDefinition" name="valid_trees_pane" time="6.287"/>
  <testcase classname="StepDefination.TreesStepDefinition" name="valid_trees_pane" time="6.057"/>
  <testcase classname="StepDefination.TreesStepDefinition" name="invalid_trees_pane" time="5.638"/>
  <testcase classname="StepDefination.TreesStepDefinition" name="valid_trees_pane" time="5.952"/>
  <testcase classname="StepDefination.TreesStepDefinition" name="valid_trees_pane" time="5.989"/>
</testsuite> <!-- StepDefination.TreesStepDefinition -->
