<?xml version="1.0" encoding="UTF-8"?>
<!-- Generated by org.testng.reporters.JUnitReportReporter -->
<testsuite hostname="LAPTOP-P2QE43U4" failures="0" tests="4" name="TestClasses.SigninPositiveNegativeLogin" time="110.424" errors="0" timestamp="2024-10-22T14:03:52 CDT" skipped="0">
  <testcase classname="TestClasses.SigninPositiveNegativeLogin" name="LoginTest" time="18.000"/>
  <testcase classname="TestClasses.SigninPositiveNegativeLogin" name="LoginTest" time="40.742"/>
  <testcase classname="TestClasses.SigninPositiveNegativeLogin" name="LoginTest" time="14.243"/>
  <testcase classname="TestClasses.SigninPositiveNegativeLogin" name="LoginTest" time="37.439"/>
</testsuite> <!-- TestClasses.SigninPositiveNegativeLogin -->
