<?xml version="1.0" encoding="UTF-8"?>
<!-- Generated by org.testng.reporters.JUnitReportReporter -->
<testsuite hostname="LAPTOP-P2QE43U4" failures="0" tests="6" name="TestClasses.StackClassFile" time="143.486" errors="0" timestamp="2024-10-22T14:03:52 CDT" skipped="0">
  <testcase classname="TestClasses.StackClassFile" name="Valid_Stackpane" time="14.176"/>
  <testcase classname="TestClasses.StackClassFile" name="Valid_Stackpane" time="20.957"/>
  <testcase classname="TestClasses.StackClassFile" name="Valid_Stackpane" time="17.904"/>
  <testcase classname="TestClasses.StackClassFile" name="invalid_Stackpan" time="34.163"/>
  <testcase classname="TestClasses.StackClassFile" name="invalid_Stackpan" time="22.645"/>
  <testcase classname="TestClasses.StackClassFile" name="invalid_Stackpan" time="33.641"/>
</testsuite> <!-- TestClasses.StackClassFile -->
