<?xml version="1.0" encoding="UTF-8"?>
<!-- Generated by org.testng.reporters.JUnitReportReporter -->
<testsuite hostname="LAPTOP-P2QE43U4" failures="0" tests="22" name="TestClasses.TreesClassFile" time="210.664" errors="0" timestamp="2024-10-22T08:56:19 CDT" skipped="0">
  <testcase classname="TestClasses.TreesClassFile" name="invalid_trees_pane" time="8.230"/>
  <testcase classname="TestClasses.TreesClassFile" name="valid_trees_pane" time="12.746"/>
  <testcase classname="TestClasses.TreesClassFile" name="invalid_trees_pane" time="7.792"/>
  <testcase classname="TestClasses.TreesClassFile" name="valid_trees_pane" time="8.620"/>
  <testcase classname="TestClasses.TreesClassFile" name="invalid_trees_pane" time="9.804"/>
  <testcase classname="TestClasses.TreesClassFile" name="invalid_trees_pane" time="7.944"/>
  <testcase classname="TestClasses.TreesClassFile" name="invalid_trees_pane" time="8.188"/>
  <testcase classname="TestClasses.TreesClassFile" name="valid_trees_pane" time="7.635"/>
  <testcase classname="TestClasses.TreesClassFile" name="invalid_trees_pane" time="8.617"/>
  <testcase classname="TestClasses.TreesClassFile" name="invalid_trees_pane" time="18.370"/>
  <testcase classname="TestClasses.TreesClassFile" name="valid_trees_pane" time="8.454"/>
  <testcase classname="TestClasses.TreesClassFile" name="valid_trees_pane" time="13.513"/>
  <testcase classname="TestClasses.TreesClassFile" name="invalid_trees_pane" time="7.203"/>
  <testcase classname="TestClasses.TreesClassFile" name="valid_trees_pane" time="7.973"/>
  <testcase classname="TestClasses.TreesClassFile" name="invalid_trees_pane" time="8.085"/>
  <testcase classname="TestClasses.TreesClassFile" name="valid_trees_pane" time="8.669"/>
  <testcase classname="TestClasses.TreesClassFile" name="invalid_trees_pane" time="16.291"/>
  <testcase classname="TestClasses.TreesClassFile" name="valid_trees_pane" time="7.919"/>
  <testcase classname="TestClasses.TreesClassFile" name="valid_trees_pane" time="8.059"/>
  <testcase classname="TestClasses.TreesClassFile" name="valid_trees_pane" time="7.596"/>
  <testcase classname="TestClasses.TreesClassFile" name="invalid_trees_pane" time="11.643"/>
  <testcase classname="TestClasses.TreesClassFile" name="valid_trees_pane" time="7.313"/>
</testsuite> <!-- TestClasses.TreesClassFile -->
