<?xml version="1.0" encoding="UTF-8"?>
<!-- Generated by org.testng.reporters.JUnitReportReporter -->
<testsuite hostname="LAPTOP-P2QE43U4" failures="0" tests="6" name="StepDefination.StackClassFile" time="106.131" errors="0" timestamp="2024-10-18T12:32:15 CDT" skipped="0">
  <testcase classname="StepDefination.StackClassFile" name="Valid_Stackpane" time="18.663"/>
  <testcase classname="StepDefination.StackClassFile" name="Valid_Stackpane" time="10.915"/>
  <testcase classname="StepDefination.StackClassFile" name="Valid_Stackpane" time="12.950"/>
  <testcase classname="StepDefination.StackClassFile" name="invalid_Stackpan" time="21.027"/>
  <testcase classname="StepDefination.StackClassFile" name="invalid_Stackpan" time="19.689"/>
  <testcase classname="StepDefination.StackClassFile" name="invalid_Stackpan" time="22.887"/>
</testsuite> <!-- StepDefination.StackClassFile -->
