<?xml version="1.0" encoding="UTF-8"?>
<!-- Generated by org.testng.reporters.JUnitReportReporter -->
<testsuite hostname="LAPTOP-P2QE43U4" failures="0" tests="14" name="TestClasses.LinkedListFile" time="267.476" errors="0" timestamp="2024-10-22T08:56:19 CDT" skipped="0">
  <testcase classname="TestClasses.LinkedListFile" name="userClicks_linked_list" time="21.690"/>
  <testcase classname="TestClasses.LinkedListFile" name="userClicks_linked_list" time="18.600"/>
  <testcase classname="TestClasses.LinkedListFile" name="userClicks_linked_list" time="16.635"/>
  <testcase classname="TestClasses.LinkedListFile" name="invalid_linked_list" time="13.547"/>
  <testcase classname="TestClasses.LinkedListFile" name="userClicks_linked_list" time="24.941"/>
  <testcase classname="TestClasses.LinkedListFile" name="userClicks_linked_list" time="19.719"/>
  <testcase classname="TestClasses.LinkedListFile" name="userClicks_linked_list" time="21.077"/>
  <testcase classname="TestClasses.LinkedListFile" name="invalid_linked_list" time="14.554"/>
  <testcase classname="TestClasses.LinkedListFile" name="userClicks_linked_list" time="23.758"/>
  <testcase classname="TestClasses.LinkedListFile" name="invalid_linked_list" time="14.182"/>
  <testcase classname="TestClasses.LinkedListFile" name="invalid_linked_list" time="17.983"/>
  <testcase classname="TestClasses.LinkedListFile" name="invalid_linked_list" time="19.733"/>
  <testcase classname="TestClasses.LinkedListFile" name="invalid_linked_list" time="14.031"/>
  <testcase classname="TestClasses.LinkedListFile" name="invalid_linked_list" time="27.026"/>
</testsuite> <!-- TestClasses.LinkedListFile -->
